


ARM Macro Assembler    Page 1 


    1 00000000                 AREA             lab2_1, CODE, READONLY
    2 00000000                 ENTRY
    3 00000000         
    4 00000000         PART1
    5 00000000 E3A00006        MOV              r0, #6      ;a
    6 00000004 E3A01003        MOV              r1, #3      ;b
    7 00000008 E3A02004        MOV              r2, #4      ;c; MOV r3, #3    ;
                                                            d
    8 0000000C E3A04002        MOV              r4, #2      ;e
    9 00000010         
   10 00000010         
   11 00000010 E0811001        ADD              r1,r1,r1    ;r1=r1+r1 || b=b+b
   12 00000014 E0811000        ADD              r1,r1,r0    ;r1=r1+r0 || b=a+(b
                                                            +b)
   13 00000018         
   14 00000018         ;for muls you have to have diff destination register
   15 00000018 E0150493        MULS             r5,r3,r4    ;r5=r3+r4 || z=d*e
   16 0000001C E0415005        SUB              r5,r1,r5    ;r5=r1-r3 || z=b-(d
                                                            *e)
   17 00000020         
   18 00000020         PART2
   19 00000020 E28F6010        ADR              r6, A
   20 00000024 E28F7010        ADR              r7, C
   21 00000028 E28F8010        ADR              r8, D
   22 0000002C E28F9010        ADR              r9, E
   23 00000030 E28FA010        ADR              r10, F
   24 00000034 E28FB010        ADR              r11, Z
   25 00000038 00000004 
                       A       DCD              4
   26 0000003C FFFFFFFE 
                       C       DCD              -2
   27 00000040 00000003 
                       D       DCD              3
   28 00000044 FFFFFFF4 
                       E       DCD              -12
   29 00000048 00000005 
                       F       DCD              5
   30 0000004C 00000000 
                       Z       DCD              0
   31 00000050         
   32 00000050         
   33 00000050 E0877007        ADD              r7,r7,r7    ; b=b+b
   34 00000054 E0877006        ADD              r7,r7,r6    ; b=a+(b+b)
   35 00000058         
   36 00000058 E01B0998        MULS             r11,r8,r9   ; z=d*e
   37 0000005C E047B00B        SUB              r11,r7,r11  ; z=b-(d*e)
   38 00000060         
   39 00000060         
   40 00000060                 END
Command Line: --debug --xref --bi --apcs=interwork --depend=.\lab2_1.d -o.\lab2
_1.o -IC:\Keil\ARM\RV31\INC -IC:\Keil\ARM\CMSIS\Include --predefine="__EVAL SET
A 1" --list=.\lab2_1.lst lab2_1.asm



ARM Macro Assembler    Page 1 Alphabetic symbol ordering
Relocatable symbols

A 00000038

Symbol: A
   Definitions
      At line 25 in file lab2_1.asm
   Uses
      At line 19 in file lab2_1.asm
Comment: A used once
C 0000003C

Symbol: C
   Definitions
      At line 26 in file lab2_1.asm
   Uses
      At line 20 in file lab2_1.asm
Comment: C used once
D 00000040

Symbol: D
   Definitions
      At line 27 in file lab2_1.asm
   Uses
      At line 21 in file lab2_1.asm
Comment: D used once
E 00000044

Symbol: E
   Definitions
      At line 28 in file lab2_1.asm
   Uses
      At line 22 in file lab2_1.asm
Comment: E used once
F 00000048

Symbol: F
   Definitions
      At line 29 in file lab2_1.asm
   Uses
      At line 23 in file lab2_1.asm
Comment: F used once
PART1 00000000

Symbol: PART1
   Definitions
      At line 4 in file lab2_1.asm
   Uses
      None
Comment: PART1 unused
PART2 00000020

Symbol: PART2
   Definitions
      At line 18 in file lab2_1.asm
   Uses
      None
Comment: PART2 unused
Z 0000004C

Symbol: Z



ARM Macro Assembler    Page 2 Alphabetic symbol ordering
Relocatable symbols

   Definitions
      At line 30 in file lab2_1.asm
   Uses
      At line 24 in file lab2_1.asm
Comment: Z used once
lab2_1 00000000

Symbol: lab2_1
   Definitions
      At line 1 in file lab2_1.asm
   Uses
      None
Comment: lab2_1 unused
9 symbols
340 symbols in table
