


ARM Macro Assembler    Page 1 


    1 00000000                 AREA             block_move, CODE, READWRITE
    2 00000000                 ENTRY
    3 00000000         
    4 00000000         ; note - memmap:
    5 00000000         ; rw for: 0xffff0000, 0xffffffff
    6 00000000         ; for stack pointer?
    7 00000000         
    8 00000000         ; adding in values for testing
    9 00000000 E3A01001        MOV              r1, #1      ;
   10 00000004 E3A02002        MOV              r2, #2      ;
   11 00000008 E3A03003        MOV              r3, #3      ;
   12 0000000C E3A04004        MOV              r4, #4      ;
   13 00000010 E3A05005        MOV              r5, #5      ;
   14 00000014 E3A06006        MOV              r6, #6      ;
   15 00000018 E3A07007        MOV              r7, #7      ;
   16 0000001C         
   17 0000001C E92D00FE        STMDB            sp!,{r1-r7}
   18 00000020 E8BD00F8        LDMIA            sp!, {r3-r7}
   19 00000024 E8BD0006        LDMIA            sp!, {r1,r2}
   20 00000028         
   21 00000028 EAFFFFFE 
                       l       b                l           ; infinite loop
   22 0000002C         
   23 0000002C                 END
Command Line: --debug --xref --bi --apcs=interwork --depend=.\block_move.d -o.\
block_move.o -IC:\Keil\ARM\RV31\INC -IC:\Keil\ARM\CMSIS\Include --predefine="__
EVAL SETA 1" --list=.\block_move.lst block_move.asm



ARM Macro Assembler    Page 1 Alphabetic symbol ordering
Relocatable symbols

block_move 00000000

Symbol: block_move
   Definitions
      At line 1 in file block_move.asm
   Uses
      None
Comment: block_move unused
l 00000028

Symbol: l
   Definitions
      At line 21 in file block_move.asm
   Uses
      At line 21 in file block_move.asm
Comment: l used once
2 symbols
333 symbols in table
