


ARM Macro Assembler    Page 1 


    1 00000000                 AREA             palindrome, CODE, READONLY
    2 00000000                 ENTRY
    3 00000000         ; source: http://www.ing.unlp.edu.ar/electrotecnia/arcom
                       1/09-Clements-Chap09-ARM.pdf
    4 00000000         
    5 00000000         start
    6 00000000 E59F0050        ldr              r0, =srcstr
    7 00000004 E1A01000        mov              r1,r0
    8 00000008 E4D12001 
                       loop    ldrb             r2,[r1],#1
    9 0000000C E3520000        cmp              r2,#0
   10 00000010 1AFFFFFC        bne              loop
   11 00000014 E2411002        sub              r1,r1,#2
   12 00000018 EBFFFFFF        bl               pal
   13 0000001C         
   14 0000001C E3A0A000 
                       pal     mov              r10, #0x0
   15 00000020 E5D03000 
                       loop2   ldrb             r3, [r0]
   16 00000024 E5D14000        ldrb             r4, [r1]
   17 00000028 E1530004        cmp              r3, r4
   18 0000002C 1A000008        bne              notpal
   19 00000030         
   20 00000030 E1500001        cmp              r0, r1
   21 00000034 0A000005        beq              waspal
   22 00000038 E2802001        add              r2,r0,#1
   23 0000003C E1520001        cmp              r2,r1
   24 00000040 0A000002        beq              waspal
   25 00000044         
   26 00000044 E2800001        add              r0,r0,#1
   27 00000048 E2411001        sub              r1,r1,#1
   28 0000004C EAFFFFF3        b                loop2
   29 00000050         
   30 00000050 E3A0A001 
                       waspal  mov              r10, #0x1
   31 00000054 E1A0F00E 
                       notpal  mov              pc,lr
   32 00000058         
   33 00000058 00000000        AREA             Strings, DATA
   34 00000000 46 69 72 
              73 74 20 
              73 74 72 
              69 6E 67 
              20 2D 20 
              73 6F 75 
              72 63 65 
              00       srcstr  DCB              "First string - source",0
   35 00000016 53 65 63 
              6F 6E 64 
              20 73 74 
              72 69 6E 
              67 20 2D 
              20 64 65 
              73 74 69 
              6E 61 74 
              69 6F 6E 
              00       dststr  DCB              "Second string - destination",0
   36 00000032                 END
Command Line: --debug --xref --bi --apcs=interwork --depend=.\palindrome.d -o.\



ARM Macro Assembler    Page 2 


palindrome.o -IC:\Keil\ARM\RV31\INC -IC:\Keil\ARM\CMSIS\Include --predefine="__
EVAL SETA 1" --list=.\palindrome.lst palindrome.asm



ARM Macro Assembler    Page 1 Alphabetic symbol ordering
Relocatable symbols

loop 00000008

Symbol: loop
   Definitions
      At line 8 in file palindrome.asm
   Uses
      At line 10 in file palindrome.asm
Comment: loop used once
loop2 00000020

Symbol: loop2
   Definitions
      At line 15 in file palindrome.asm
   Uses
      At line 28 in file palindrome.asm
Comment: loop2 used once
notpal 00000054

Symbol: notpal
   Definitions
      At line 31 in file palindrome.asm
   Uses
      At line 18 in file palindrome.asm
Comment: notpal used once
pal 0000001C

Symbol: pal
   Definitions
      At line 14 in file palindrome.asm
   Uses
      At line 12 in file palindrome.asm
Comment: pal used once
palindrome 00000000

Symbol: palindrome
   Definitions
      At line 1 in file palindrome.asm
   Uses
      None
Comment: palindrome unused
start 00000000

Symbol: start
   Definitions
      At line 5 in file palindrome.asm
   Uses
      None
Comment: start unused
waspal 00000050

Symbol: waspal
   Definitions
      At line 30 in file palindrome.asm
   Uses
      At line 21 in file palindrome.asm
      At line 24 in file palindrome.asm

7 symbols



ARM Macro Assembler    Page 1 Alphabetic symbol ordering
Relocatable symbols

Strings 00000000

Symbol: Strings
   Definitions
      At line 33 in file palindrome.asm
   Uses
      None
Comment: Strings unused
dststr 00000016

Symbol: dststr
   Definitions
      At line 35 in file palindrome.asm
   Uses
      None
Comment: dststr unused
srcstr 00000000

Symbol: srcstr
   Definitions
      At line 34 in file palindrome.asm
   Uses
      At line 6 in file palindrome.asm
Comment: srcstr used once
3 symbols
343 symbols in table
