


ARM Macro Assembler    Page 1 


    1 00000000                 AREA             NullTerminatingString, CODE, RE
ADWRITE
    2 00000000                 ENTRY
    3 00000000         ;;modification of code from section 3.9.11
    4 00000000         ;;copies from r0 to r1
    5 00000000         
    6 00000000 E28F0014 
                       copystr ADR              R0, src     ; r0 points at stri
                                                            ng 
    7 00000004 E3A0105F        LDR              R1, =0x0000005f ; a location of
                                                             safe mem?
    8 00000008 E4D02001 
                       loop    LDRB             R2, [R0], #1 ; grab first chara
                                                            cter, increment poi
                                                            nter
    9 0000000C E3520000        CMP              R2, #0x00   ; are we at the end
                                                            ?
   10 00000010 E4C12001        STRB             R2, [r1], #1 ; if not, copy to 
                                                            address location (f
                                                            rom r1)
   11 00000014         ;ADD  R1, #1 ; increment r1
   12 00000014 1AFFFFFB        BNE              loop        ; if not at the end
                                                            ... we move onto th
                                                            e next character
   13 00000018 E1A0F00E        MOV              PC, R14
   14 0000001C         
   15 0000001C 61 61 61 
              61 61 61 
              61 61 7A 
              7A 7A 7A 
              7A 7A 0A 
              0D 00    src     =                "aaaaaaaazzzzzz", &0A, &0D, 0
   16 0000002D         
   17 0000002D         
   18 0000002D                 END
Command Line: --debug --xref --bi --apcs=interwork --depend=.\nullterminatingst
ring.d -o.\nullterminatingstring.o -IC:\Keil\ARM\RV31\INC -IC:\Keil\ARM\CMSIS\I
nclude --predefine="__EVAL SETA 1" --list=.\nullterminatingstring.lst NullTermi
natingString.asm



ARM Macro Assembler    Page 1 Alphabetic symbol ordering
Relocatable symbols

NullTerminatingString 00000000

Symbol: NullTerminatingString
   Definitions
      At line 1 in file NullTerminatingString.asm
   Uses
      None
Comment: NullTerminatingString unused
copystr 00000000

Symbol: copystr
   Definitions
      At line 6 in file NullTerminatingString.asm
   Uses
      None
Comment: copystr unused
loop 00000008

Symbol: loop
   Definitions
      At line 8 in file NullTerminatingString.asm
   Uses
      At line 12 in file NullTerminatingString.asm
Comment: loop used once
src 0000001C

Symbol: src
   Definitions
      At line 15 in file NullTerminatingString.asm
   Uses
      At line 6 in file NullTerminatingString.asm
Comment: src used once
4 symbols
335 symbols in table
