


ARM Macro Assembler    Page 1 


    1 00000000                 AREA             lab2_2, CODE, READONLY
    2 00000000                 ENTRY
    3 00000000         
    4 00000000 E28F0010 
                       Start   ADR              r0, A
    5 00000004 E28F2010        ADR              r2, C
    6 00000008 E28F4010        ADR              r4, D
    7 0000000C E28F6010        ADR              r6, E
    8 00000010 E28F8010        ADR              r8, F
    9 00000014 E28FA010        ADR              r10, Z
   10 00000018 00000004 
                       A       DCD              4
   11 0000001C FFFFFFFE 
                       C       DCD              -2
   12 00000020 00000003 
                       D       DCD              3
   13 00000024 FFFFFFF4 
                       E       DCD              -12
   14 00000028 00000005 
                       F       DCD              5
   15 0000002C 00000000 
                       Z       DCD              0
   16 00000030         
   17 00000030         
   18 00000030 E0822002        ADD              r2,r2,r2    ;r1=r1+r1 || b=b+b
   19 00000034 E0822000        ADD              r2,r2,r0    ;r1=r1+r0 || b=a+(b
                                                            +b)
   20 00000038         
   21 00000038         ;for muls you have to have diff destination register
   22 00000038 E01A0896        MULS             r10,r6,r8   ;r5=r3+r4 || z=d*e
   23 0000003C E042A00A        SUB              r10,r2,r10  ;r5=r1-r3 || z=b-(d
                                                            *e)
   24 00000040         
   25 00000040                 END
Command Line: --debug --xref --bi --apcs=interwork --depend=.\lab2_2.d -o.\lab2
_2.o -IC:\Keil\ARM\RV31\INC -IC:\Keil\ARM\CMSIS\Include --predefine="__EVAL SET
A 1" --list=.\lab2_2.lst lab2_2.asm



ARM Macro Assembler    Page 1 Alphabetic symbol ordering
Relocatable symbols

A 00000018

Symbol: A
   Definitions
      At line 10 in file lab2_2.asm
   Uses
      At line 4 in file lab2_2.asm
Comment: A used once
C 0000001C

Symbol: C
   Definitions
      At line 11 in file lab2_2.asm
   Uses
      At line 5 in file lab2_2.asm
Comment: C used once
D 00000020

Symbol: D
   Definitions
      At line 12 in file lab2_2.asm
   Uses
      At line 6 in file lab2_2.asm
Comment: D used once
E 00000024

Symbol: E
   Definitions
      At line 13 in file lab2_2.asm
   Uses
      At line 7 in file lab2_2.asm
Comment: E used once
F 00000028

Symbol: F
   Definitions
      At line 14 in file lab2_2.asm
   Uses
      At line 8 in file lab2_2.asm
Comment: F used once
Start 00000000

Symbol: Start
   Definitions
      At line 4 in file lab2_2.asm
   Uses
      None
Comment: Start unused
Z 0000002C

Symbol: Z
   Definitions
      At line 15 in file lab2_2.asm
   Uses
      At line 9 in file lab2_2.asm
Comment: Z used once
lab2_2 00000000

Symbol: lab2_2



ARM Macro Assembler    Page 2 Alphabetic symbol ordering
Relocatable symbols

   Definitions
      At line 1 in file lab2_2.asm
   Uses
      None
Comment: lab2_2 unused
8 symbols
339 symbols in table
